# JRE version: OpenJDK Runtime Environment (11.0.8+10) (build 11.0.8+10-b944.6842174)
# Java VM: OpenJDK 64-Bit Server VM (11.0.8+10-b944.6842174, mixed mode, tiered, compressed oops, g1 gc, windows-amd64)
Heap:
 garbage-first heap   total 389120K, used 204076K [0x0000000080000000, 0x0000000100000000)
  region size 1024K, 115 young (117760K), 17 survivors (17408K)
 Metaspace       used 111578K, capacity 113863K, committed 114544K, reserved 1148928K
  class space    used 13876K, capacity 14680K, committed 14924K, reserved 1048576K
GC Heap History (20 events):
Event: 6.040 GC heap before
{Heap before GC invocations=2 (full 0):
 garbage-first heap   total 389120K, used 49479K [0x0000000080000000, 0x0000000100000000)
  region size 1024K, 42 young (43008K), 7 survivors (7168K)
 Metaspace       used 20568K, capacity 21131K, committed 21296K, reserved 1069056K
  class space    used 2519K, capacity 2680K, committed 2688K, reserved 1048576K
}
Event: 6.048 GC heap after
{Heap after GC invocations=3 (full 0):
 garbage-first heap   total 389120K, used 16356K [0x0000000080000000, 0x0000000100000000)
  region size 1024K, 2 young (2048K), 2 survivors (2048K)
 Metaspace       used 20568K, capacity 21131K, committed 21296K, reserved 1069056K
  class space    used 2519K, capacity 2680K, committed 2688K, reserved 1048576K
}
Event: 7.339 GC heap before
{Heap before GC invocations=4 (full 0):
 garbage-first heap   total 389120K, used 79844K [0x0000000080000000, 0x0000000100000000)
  region size 1024K, 64 young (65536K), 2 survivors (2048K)
 Metaspace       used 27422K, capacity 28097K, committed 28208K, reserved 1073152K
  class space    used 3612K, capacity 3857K, committed 3968K, reserved 1048576K
}
Event: 7.347 GC heap after
{Heap after GC invocations=5 (full 0):
 garbage-first heap   total 389120K, used 18640K [0x0000000080000000, 0x0000000100000000)
  region size 1024K, 5 young (5120K), 5 survivors (5120K)
 Metaspace       used 27422K, capacity 28097K, committed 28208K, reserved 1073152K
  class space    used 3612K, capacity 3857K, committed 3968K, reserved 1048576K
}
Event: 8.381 GC heap before
{Heap before GC invocations=5 (full 0):
 garbage-first heap   total 389120K, used 52432K [0x0000000080000000, 0x0000000100000000)
  region size 1024K, 40 young (40960K), 5 survivors (5120K)
 Metaspace       used 34889K, capacity 35665K, committed 35708K, reserved 1081344K
  class space    used 4537K, capacity 4849K, committed 4864K, reserved 1048576K
}
Event: 8.392 GC heap after
{Heap after GC invocations=6 (full 0):
 garbage-first heap   total 389120K, used 21455K [0x0000000080000000, 0x0000000100000000)
  region size 1024K, 7 young (7168K), 7 survivors (7168K)
 Metaspace       used 34889K, capacity 35665K, committed 35708K, reserved 1081344K
  class space    used 4537K, capacity 4849K, committed 4864K, reserved 1048576K
}
Event: 12.500 GC heap before
{Heap before GC invocations=7 (full 0):
 garbage-first heap   total 389120K, used 141263K [0x0000000080000000, 0x0000000100000000)
  region size 1024K, 121 young (123904K), 7 survivors (7168K)
 Metaspace       used 44440K, capacity 45504K, committed 45692K, reserved 1089536K
  class space    used 5702K, capacity 6079K, committed 6144K, reserved 1048576K
}
Event: 12.514 GC heap after
{Heap after GC invocations=8 (full 0):
 garbage-first heap   total 389120K, used 29685K [0x0000000080000000, 0x0000000100000000)
  region size 1024K, 15 young (15360K), 15 survivors (15360K)
 Metaspace       used 44440K, capacity 45504K, committed 45692K, reserved 1089536K
  class space    used 5702K, capacity 6079K, committed 6144K, reserved 1048576K
}
Event: 23.291 GC heap before
{Heap before GC invocations=8 (full 0):
 garbage-first heap   total 389120K, used 184309K [0x0000000080000000, 0x0000000100000000)
  region size 1024K, 162 young (165888K), 15 survivors (15360K)
 Metaspace       used 58297K, capacity 59748K, committed 59900K, reserved 1101824K
  class space    used 7421K, capacity 7939K, committed 8064K, reserved 1048576K
}
Event: 23.337 GC heap after
{Heap after GC invocations=9 (full 0):
 garbage-first heap   total 389120K, used 50845K [0x0000000080000000, 0x0000000100000000)
  region size 1024K, 22 young (22528K), 22 survivors (22528K)
 Metaspace       used 58297K, capacity 59748K, committed 59900K, reserved 1101824K
  class space    used 7421K, capacity 7939K, committed 8064K, reserved 1048576K
}
Event: 29.573 GC heap before
{Heap before GC invocations=10 (full 0):
 garbage-first heap   total 389120K, used 238237K [0x0000000080000000, 0x0000000100000000)
  region size 1024K, 204 young (208896K), 22 survivors (22528K)
 Metaspace       used 76300K, capacity 78025K, committed 78332K, reserved 1118208K
  class space    used 9907K, capacity 10511K, committed 10624K, reserved 1048576K
}
Event: 29.622 GC heap after
{Heap after GC invocations=11 (full 0):
 garbage-first heap   total 389120K, used 63620K [0x0000000080000000, 0x0000000100000000)
  region size 1024K, 13 young (13312K), 13 survivors (13312K)
 Metaspace       used 76300K, capacity 78025K, committed 78332K, reserved 1118208K
  class space    used 9907K, capacity 10511K, committed 10624K, reserved 1048576K
}
Event: 36.824 GC heap before
{Heap before GC invocations=11 (full 0):
 garbage-first heap   total 389120K, used 262276K [0x0000000080000000, 0x0000000100000000)
  region size 1024K, 208 young (212992K), 13 survivors (13312K)
 Metaspace       used 81370K, capacity 83369K, committed 83580K, reserved 1122304K
  class space    used 10491K, capacity 11191K, committed 11264K, reserved 1048576K
}
Event: 36.850 GC heap after
{Heap after GC invocations=12 (full 0):
 garbage-first heap   total 389120K, used 77292K [0x0000000080000000, 0x0000000100000000)
  region size 1024K, 26 young (26624K), 26 survivors (26624K)
 Metaspace       used 81370K, capacity 83369K, committed 83580K, reserved 1122304K
  class space    used 10491K, capacity 11191K, committed 11264K, reserved 1048576K
}
Event: 46.060 GC heap before
{Heap before GC invocations=12 (full 0):
 garbage-first heap   total 389120K, used 282092K [0x0000000080000000, 0x0000000100000000)
  region size 1024K, 227 young (232448K), 26 survivors (26624K)
 Metaspace       used 88262K, capacity 90356K, committed 90492K, reserved 1128448K
  class space    used 11305K, capacity 12028K, committed 12032K, reserved 1048576K
}
Event: 46.099 GC heap after
{Heap after GC invocations=13 (full 0):
 garbage-first heap   total 389120K, used 90050K [0x0000000080000000, 0x0000000100000000)
  region size 1024K, 27 young (27648K), 27 survivors (27648K)
 Metaspace       used 88262K, capacity 90356K, committed 90492K, reserved 1128448K
  class space    used 11305K, capacity 12028K, committed 12032K, reserved 1048576K
}
Event: 99.082 GC heap before
{Heap before GC invocations=13 (full 0):
 garbage-first heap   total 389120K, used 217026K [0x0000000080000000, 0x0000000100000000)
  region size 1024K, 153 young (156672K), 27 survivors (27648K)
 Metaspace       used 97866K, capacity 100162K, committed 100260K, reserved 1136640K
  class space    used 12576K, capacity 13413K, committed 13440K, reserved 1048576K
}
Event: 99.131 GC heap after
{Heap after GC invocations=14 (full 0):
 garbage-first heap   total 389120K, used 99029K [0x0000000080000000, 0x0000000100000000)
  region size 1024K, 10 young (10240K), 10 survivors (10240K)
 Metaspace       used 97866K, capacity 100162K, committed 100260K, reserved 1136640K
  class space    used 12576K, capacity 13413K, committed 13440K, reserved 1048576K
}
Event: 2887.551 GC heap before
{Heap before GC invocations=15 (full 0):
 garbage-first heap   total 389120K, used 302805K [0x0000000080000000, 0x0000000100000000)
  region size 1024K, 208 young (212992K), 10 survivors (10240K)
 Metaspace       used 110971K, capacity 113494K, committed 113776K, reserved 1148928K
  class space    used 13885K, capacity 14789K, committed 14924K, reserved 1048576K
}
Event: 2887.705 GC heap after
{Heap after GC invocations=16 (full 0):
 garbage-first heap   total 389120K, used 107521K [0x0000000080000000, 0x0000000100000000)
  region size 1024K, 17 young (17408K), 17 survivors (17408K)
 Metaspace       used 110971K, capacity 113494K, committed 113776K, reserved 1148928K
  class space    used 13885K, capacity 14789K, committed 14924K, reserved 1048576K
}

